# JRE version: Java(TM) SE Runtime Environment (8.0_77-b03) (build 1.8.0_77-b03)
# Java VM: Java HotSpot(TM) 64-Bit Server VM (25.77-b03 mixed mode windows-amd64 compressed oops)
Heap:
 PSYoungGen      total 555008K, used 325750K [0x00000000d5f00000, 0x0000000100000000, 0x0000000100000000)
  eden space 424448K, 69% used [0x00000000d5f00000,0x00000000e7ef7560,0x00000000efd80000)
  from space 130560K, 23% used [0x00000000f7400000,0x00000000f9226438,0x00000000ff380000)
  to   space 121344K, 0% used [0x00000000efd80000,0x00000000efd80000,0x00000000f7400000)
 ParOldGen       total 157184K, used 90934K [0x0000000081c00000, 0x000000008b580000, 0x00000000d5f00000)
  object space 157184K, 57% used [0x0000000081c00000,0x00000000874cdab8,0x000000008b580000)
 Metaspace       used 89151K, capacity 90638K, committed 90880K, reserved 1130496K
  class space    used 10323K, capacity 10717K, committed 10752K, reserved 1048576K
GC Heap History (10 events):
Event: 1388.193 GC heap before
{Heap before GC invocations=51 (full 3):
 PSYoungGen      total 414208K, used 413898K [0x00000000d5f00000, 0x0000000100000000, 0x0000000100000000)
  eden space 412672K, 100% used [0x00000000d5f00000,0x00000000ef200000,0x00000000ef200000)
  from space 1536K, 79% used [0x00000000ef200000,0x00000000ef332ab8,0x00000000ef380000)
  to   space 139776K, 0% used [0x00000000f7780000,0x00000000f7780000,0x0000000100000000)
 ParOldGen       total 157184K, used 86734K [0x0000000081c00000, 0x000000008b580000, 0x00000000d5f00000)
  object space 157184K, 55% used [0x0000000081c00000,0x00000000870b3848,0x000000008b580000)
 Metaspace       used 64702K, capacity 65354K, committed 65664K, reserved 1107968K
  class space    used 7802K, capacity 8025K, committed 8064K, reserved 1048576K
Event: 1388.198 GC heap after
Heap after GC invocations=51 (full 3):
 PSYoungGen      total 549376K, used 96K [0x00000000d5f00000, 0x0000000100000000, 0x0000000100000000)
  eden space 409600K, 0% used [0x00000000d5f00000,0x00000000d5f00000,0x00000000eef00000)
  from space 139776K, 0% used [0x00000000f7780000,0x00000000f7798000,0x0000000100000000)
  to   space 139776K, 0% used [0x00000000eef00000,0x00000000eef00000,0x00000000f7780000)
 ParOldGen       total 157184K, used 87218K [0x0000000081c00000, 0x000000008b580000, 0x00000000d5f00000)
  object space 157184K, 55% used [0x0000000081c00000,0x000000008712c8b8,0x000000008b580000)
 Metaspace       used 64702K, capacity 65354K, committed 65664K, reserved 1107968K
  class space    used 7802K, capacity 8025K, committed 8064K, reserved 1048576K
}
Event: 1822.554 GC heap before
{Heap before GC invocations=52 (full 3):
 PSYoungGen      total 549376K, used 409696K [0x00000000d5f00000, 0x0000000100000000, 0x0000000100000000)
  eden space 409600K, 100% used [0x00000000d5f00000,0x00000000eef00000,0x00000000eef00000)
  from space 139776K, 0% used [0x00000000f7780000,0x00000000f7798000,0x0000000100000000)
  to   space 139776K, 0% used [0x00000000eef00000,0x00000000eef00000,0x00000000f7780000)
 ParOldGen       total 157184K, used 87218K [0x0000000081c00000, 0x000000008b580000, 0x00000000d5f00000)
  object space 157184K, 55% used [0x0000000081c00000,0x000000008712c8b8,0x000000008b580000)
 Metaspace       used 64710K, capacity 65354K, committed 65664K, reserved 1107968K
  class space    used 7802K, capacity 8025K, committed 8064K, reserved 1048576K
Event: 1822.559 GC heap after
Heap after GC invocations=52 (full 3):
 PSYoungGen      total 410112K, used 128K [0x00000000d5f00000, 0x00000000ffd00000, 0x0000000100000000)
  eden space 409600K, 0% used [0x00000000d5f00000,0x00000000d5f00000,0x00000000eef00000)
  from space 512K, 25% used [0x00000000eef00000,0x00000000eef20000,0x00000000eef80000)
  to   space 138240K, 0% used [0x00000000f7600000,0x00000000f7600000,0x00000000ffd00000)
 ParOldGen       total 157184K, used 87234K [0x0000000081c00000, 0x000000008b580000, 0x00000000d5f00000)
  object space 157184K, 55% used [0x0000000081c00000,0x00000000871308b8,0x000000008b580000)
 Metaspace       used 64710K, capacity 65354K, committed 65664K, reserved 1107968K
  class space    used 7802K, capacity 8025K, committed 8064K, reserved 1048576K
}
Event: 2254.026 GC heap before
{Heap before GC invocations=53 (full 3):
 PSYoungGen      total 410112K, used 409728K [0x00000000d5f00000, 0x00000000ffd00000, 0x0000000100000000)
  eden space 409600K, 100% used [0x00000000d5f00000,0x00000000eef00000,0x00000000eef00000)
  from space 512K, 25% used [0x00000000eef00000,0x00000000eef20000,0x00000000eef80000)
  to   space 138240K, 0% used [0x00000000f7600000,0x00000000f7600000,0x00000000ffd00000)
 ParOldGen       total 157184K, used 87234K [0x0000000081c00000, 0x000000008b580000, 0x00000000d5f00000)
  object space 157184K, 55% used [0x0000000081c00000,0x00000000871308b8,0x000000008b580000)
 Metaspace       used 64717K, capacity 65418K, committed 65920K, reserved 1107968K
  class space    used 7802K, capacity 8025K, committed 8064K, reserved 1048576K
Event: 2254.031 GC heap after
Heap after GC invocations=53 (full 3):
 PSYoungGen      total 550400K, used 128K [0x00000000d5f00000, 0x0000000100000000, 0x0000000100000000)
  eden space 412160K, 0% used [0x00000000d5f00000,0x00000000d5f00000,0x00000000ef180000)
  from space 138240K, 0% used [0x00000000f7600000,0x00000000f7620000,0x00000000ffd00000)
  to   space 135680K, 0% used [0x00000000ef180000,0x00000000ef180000,0x00000000f7600000)
 ParOldGen       total 157184K, used 87250K [0x0000000081c00000, 0x000000008b580000, 0x00000000d5f00000)
  object space 157184K, 55% used [0x0000000081c00000,0x00000000871348b8,0x000000008b580000)
 Metaspace       used 64717K, capacity 65418K, committed 65920K, reserved 1107968K
  class space    used 7802K, capacity 8025K, committed 8064K, reserved 1048576K
}
Event: 2579.617 GC heap before
{Heap before GC invocations=54 (full 3):
 PSYoungGen      total 550400K, used 412288K [0x00000000d5f00000, 0x0000000100000000, 0x0000000100000000)
  eden space 412160K, 100% used [0x00000000d5f00000,0x00000000ef180000,0x00000000ef180000)
  from space 138240K, 0% used [0x00000000f7600000,0x00000000f7620000,0x00000000ffd00000)
  to   space 135680K, 0% used [0x00000000ef180000,0x00000000ef180000,0x00000000f7600000)
 ParOldGen       total 157184K, used 87250K [0x0000000081c00000, 0x000000008b580000, 0x00000000d5f00000)
  object space 157184K, 55% used [0x0000000081c00000,0x00000000871348b8,0x000000008b580000)
 Metaspace       used 70182K, capacity 70968K, committed 71424K, reserved 1112064K
  class space    used 8444K, capacity 8678K, committed 8704K, reserved 1048576K
Event: 2579.635 GC heap after
Heap after GC invocations=54 (full 3):
 PSYoungGen      total 423424K, used 10915K [0x00000000d5f00000, 0x00000000ff380000, 0x0000000100000000)
  eden space 412160K, 0% used [0x00000000d5f00000,0x00000000d5f00000,0x00000000ef180000)
  from space 11264K, 96% used [0x00000000ef180000,0x00000000efc28ee8,0x00000000efc80000)
  to   space 130560K, 0% used [0x00000000f7400000,0x00000000f7400000,0x00000000ff380000)
 ParOldGen       total 157184K, used 87258K [0x0000000081c00000, 0x000000008b580000, 0x00000000d5f00000)
  object space 157184K, 55% used [0x0000000081c00000,0x00000000871368b8,0x000000008b580000)
 Metaspace       used 70182K, capacity 70968K, committed 71424K, reserved 1112064K
  class space    used 8444K, capacity 8678K, committed 8704K, reserved 1048576K
}
Event: 2610.789 GC heap before
{Heap before GC invocations=55 (full 3):
 PSYoungGen      total 423424K, used 423075K [0x00000000d5f00000, 0x00000000ff380000, 0x0000000100000000)
  eden space 412160K, 100% used [0x00000000d5f00000,0x00000000ef180000,0x00000000ef180000)
  from space 11264K, 96% used [0x00000000ef180000,0x00000000efc28ee8,0x00000000efc80000)
  to   space 130560K, 0% used [0x00000000f7400000,0x00000000f7400000,0x00000000ff380000)
 ParOldGen       total 157184K, used 87258K [0x0000000081c00000, 0x000000008b580000, 0x00000000d5f00000)
  object space 157184K, 55% used [0x0000000081c00000,0x00000000871368b8,0x000000008b580000)
 Metaspace       used 78630K, capacity 79958K, committed 80000K, reserved 1120256K
  class space    used 9225K, capacity 9587K, committed 9600K, reserved 1048576K
Event: 2610.819 GC heap after
Heap after GC invocations=55 (full 3):
 PSYoungGen      total 555008K, used 30873K [0x00000000d5f00000, 0x0000000100000000, 0x0000000100000000)
  eden space 424448K, 0% used [0x00000000d5f00000,0x00000000d5f00000,0x00000000efd80000)
  from space 130560K, 23% used [0x00000000f7400000,0x00000000f9226438,0x00000000ff380000)
  to   space 121344K, 0% used [0x00000000efd80000,0x00000000efd80000,0x00000000f7400000)
 ParOldGen       total 157184K, used 90934K [0x0000000081c00000, 0x000000008b580000, 0x00000000d5f00000)
  object space 157184K, 57% used [0x0000000081c00000,0x00000000874cdab8,0x000000008b580000)
 Metaspace       used 78630K, capacity 79958K, committed 80000K, reserved 1120256K
  class space    used 9225K, capacity 9587K, committed 9600K, reserved 1048576K
}

